ARM GAS  C:\msys64\tmp\cczog0Wu.s 			page 1


   1              		.cpu cortex-m3
   2              		.eabi_attribute 20, 1
   3              		.eabi_attribute 21, 1
   4              		.eabi_attribute 23, 3
   5              		.eabi_attribute 24, 1
   6              		.eabi_attribute 25, 1
   7              		.eabi_attribute 26, 1
   8              		.eabi_attribute 30, 1
   9              		.eabi_attribute 34, 1
  10              		.eabi_attribute 18, 4
  11              		.file	"main.c"
  12              		.text
  13              	.Ltext0:
  14              		.cfi_sections	.debug_frame
  15              		.section	.text.MX_GPIO_Init,"ax",%progbits
  16              		.align	1
  17              		.syntax unified
  18              		.thumb
  19              		.thumb_func
  20              		.fpu softvfp
  22              	MX_GPIO_Init:
  23              	.LFB68:
  24              		.file 1 "Src/main.c"
   1:Src/main.c    **** 
   2:Src/main.c    **** #include "main.h"
   3:Src/main.c    **** 
   4:Src/main.c    **** void SystemClock_Config(void);
   5:Src/main.c    **** static void MX_GPIO_Init(void);
   6:Src/main.c    **** 
   7:Src/main.c    **** int main(void)
   8:Src/main.c    **** {
   9:Src/main.c    **** 
  10:Src/main.c    ****   HAL_Init();
  11:Src/main.c    **** 
  12:Src/main.c    **** 
  13:Src/main.c    ****   SystemClock_Config();
  14:Src/main.c    **** 
  15:Src/main.c    **** 
  16:Src/main.c    ****   MX_GPIO_Init();
  17:Src/main.c    **** 
  18:Src/main.c    ****   while (1)
  19:Src/main.c    ****   {
  20:Src/main.c    ****     /* USER CODE END WHILE */
  21:Src/main.c    ****     HAL_GPIO_TogglePin(GPIOA, GPIO_PIN_8);
  22:Src/main.c    ****     HAL_Delay(200);
  23:Src/main.c    ****     /* USER CODE BEGIN 3 */
  24:Src/main.c    ****   }
  25:Src/main.c    ****   /* USER CODE END 3 */
  26:Src/main.c    **** }
  27:Src/main.c    **** 
  28:Src/main.c    **** 
  29:Src/main.c    **** void SystemClock_Config(void)
  30:Src/main.c    **** {
  31:Src/main.c    ****   RCC_OscInitTypeDef RCC_OscInitStruct = {0};
  32:Src/main.c    ****   RCC_ClkInitTypeDef RCC_ClkInitStruct = {0};
  33:Src/main.c    **** 
  34:Src/main.c    ****   /** Initializes the CPU, AHB and APB busses clocks 
ARM GAS  C:\msys64\tmp\cczog0Wu.s 			page 2


  35:Src/main.c    ****   */
  36:Src/main.c    ****   RCC_OscInitStruct.OscillatorType = RCC_OSCILLATORTYPE_HSI;
  37:Src/main.c    ****   RCC_OscInitStruct.HSIState = RCC_HSI_ON;
  38:Src/main.c    ****   RCC_OscInitStruct.HSICalibrationValue = RCC_HSICALIBRATION_DEFAULT;
  39:Src/main.c    ****   RCC_OscInitStruct.PLL.PLLState = RCC_PLL_NONE;
  40:Src/main.c    ****   if (HAL_RCC_OscConfig(&RCC_OscInitStruct) != HAL_OK)
  41:Src/main.c    ****   {
  42:Src/main.c    ****     Error_Handler();
  43:Src/main.c    ****   }
  44:Src/main.c    ****   /** Initializes the CPU, AHB and APB busses clocks 
  45:Src/main.c    ****   */
  46:Src/main.c    ****   RCC_ClkInitStruct.ClockType = RCC_CLOCKTYPE_HCLK|RCC_CLOCKTYPE_SYSCLK
  47:Src/main.c    ****                               |RCC_CLOCKTYPE_PCLK1|RCC_CLOCKTYPE_PCLK2;
  48:Src/main.c    ****   RCC_ClkInitStruct.SYSCLKSource = RCC_SYSCLKSOURCE_HSI;
  49:Src/main.c    ****   RCC_ClkInitStruct.AHBCLKDivider = RCC_SYSCLK_DIV1;
  50:Src/main.c    ****   RCC_ClkInitStruct.APB1CLKDivider = RCC_HCLK_DIV1;
  51:Src/main.c    ****   RCC_ClkInitStruct.APB2CLKDivider = RCC_HCLK_DIV1;
  52:Src/main.c    **** 
  53:Src/main.c    ****   if (HAL_RCC_ClockConfig(&RCC_ClkInitStruct, FLASH_LATENCY_0) != HAL_OK)
  54:Src/main.c    ****   {
  55:Src/main.c    ****     Error_Handler();
  56:Src/main.c    ****   }
  57:Src/main.c    **** }
  58:Src/main.c    **** 
  59:Src/main.c    **** 
  60:Src/main.c    **** static void MX_GPIO_Init(void)
  61:Src/main.c    **** {
  25              		.loc 1 61 0
  26              		.cfi_startproc
  27              		@ args = 0, pretend = 0, frame = 24
  28              		@ frame_needed = 0, uses_anonymous_args = 0
  29 0000 2DE9F041 		push	{r4, r5, r6, r7, r8, lr}
  30              	.LCFI0:
  31              		.cfi_def_cfa_offset 24
  32              		.cfi_offset 4, -24
  33              		.cfi_offset 5, -20
  34              		.cfi_offset 6, -16
  35              		.cfi_offset 7, -12
  36              		.cfi_offset 8, -8
  37              		.cfi_offset 14, -4
  38 0004 86B0     		sub	sp, sp, #24
  39              	.LCFI1:
  40              		.cfi_def_cfa_offset 48
  62:Src/main.c    ****   GPIO_InitTypeDef GPIO_InitStruct = {0};
  41              		.loc 1 62 0
  42 0006 0024     		movs	r4, #0
  43 0008 0294     		str	r4, [sp, #8]
  44 000a 0394     		str	r4, [sp, #12]
  45 000c 0494     		str	r4, [sp, #16]
  46 000e 0594     		str	r4, [sp, #20]
  47              	.LBB2:
  63:Src/main.c    **** 
  64:Src/main.c    ****   /* GPIO Ports Clock Enable */
  65:Src/main.c    ****   __HAL_RCC_GPIOA_CLK_ENABLE();
  48              		.loc 1 65 0
  49 0010 1C4B     		ldr	r3, .L3
  50 0012 9A69     		ldr	r2, [r3, #24]
ARM GAS  C:\msys64\tmp\cczog0Wu.s 			page 3


  51 0014 42F00402 		orr	r2, r2, #4
  52 0018 9A61     		str	r2, [r3, #24]
  53 001a 9A69     		ldr	r2, [r3, #24]
  54 001c 02F00402 		and	r2, r2, #4
  55 0020 0092     		str	r2, [sp]
  56 0022 009A     		ldr	r2, [sp]
  57              	.LBE2:
  58              	.LBB3:
  66:Src/main.c    ****   __HAL_RCC_GPIOD_CLK_ENABLE();
  59              		.loc 1 66 0
  60 0024 9A69     		ldr	r2, [r3, #24]
  61 0026 42F02002 		orr	r2, r2, #32
  62 002a 9A61     		str	r2, [r3, #24]
  63 002c 9B69     		ldr	r3, [r3, #24]
  64 002e 03F02003 		and	r3, r3, #32
  65 0032 0193     		str	r3, [sp, #4]
  66 0034 019B     		ldr	r3, [sp, #4]
  67              	.LBE3:
  67:Src/main.c    **** 
  68:Src/main.c    ****   /*Configure GPIO pin Output Level */
  69:Src/main.c    ****   HAL_GPIO_WritePin(GPIOA, GPIO_PIN_8, GPIO_PIN_RESET);
  68              		.loc 1 69 0
  69 0036 DFF85480 		ldr	r8, .L3+8
  70 003a 2246     		mov	r2, r4
  71 003c 4FF48071 		mov	r1, #256
  72 0040 4046     		mov	r0, r8
  73 0042 FFF7FEFF 		bl	HAL_GPIO_WritePin
  74              	.LVL0:
  70:Src/main.c    **** 
  71:Src/main.c    ****   /*Configure GPIO pin Output Level */
  72:Src/main.c    ****   HAL_GPIO_WritePin(GPIOD, GPIO_PIN_2, GPIO_PIN_RESET);
  75              		.loc 1 72 0
  76 0046 104D     		ldr	r5, .L3+4
  77 0048 2246     		mov	r2, r4
  78 004a 0421     		movs	r1, #4
  79 004c 2846     		mov	r0, r5
  80 004e FFF7FEFF 		bl	HAL_GPIO_WritePin
  81              	.LVL1:
  73:Src/main.c    **** 
  74:Src/main.c    ****   /*Configure GPIO pin : PA8 */
  75:Src/main.c    ****   GPIO_InitStruct.Pin = GPIO_PIN_8;
  82              		.loc 1 75 0
  83 0052 4FF48073 		mov	r3, #256
  84 0056 0293     		str	r3, [sp, #8]
  76:Src/main.c    ****   GPIO_InitStruct.Mode = GPIO_MODE_OUTPUT_PP;
  85              		.loc 1 76 0
  86 0058 0127     		movs	r7, #1
  87 005a 0397     		str	r7, [sp, #12]
  77:Src/main.c    ****   GPIO_InitStruct.Pull = GPIO_NOPULL;
  88              		.loc 1 77 0
  89 005c 0494     		str	r4, [sp, #16]
  78:Src/main.c    ****   GPIO_InitStruct.Speed = GPIO_SPEED_FREQ_HIGH;
  90              		.loc 1 78 0
  91 005e 0326     		movs	r6, #3
  92 0060 0596     		str	r6, [sp, #20]
  79:Src/main.c    ****   HAL_GPIO_Init(GPIOA, &GPIO_InitStruct);
  93              		.loc 1 79 0
ARM GAS  C:\msys64\tmp\cczog0Wu.s 			page 4


  94 0062 02A9     		add	r1, sp, #8
  95 0064 4046     		mov	r0, r8
  96 0066 FFF7FEFF 		bl	HAL_GPIO_Init
  97              	.LVL2:
  80:Src/main.c    **** 
  81:Src/main.c    ****   /*Configure GPIO pin : PD2 */
  82:Src/main.c    ****   GPIO_InitStruct.Pin = GPIO_PIN_2;
  98              		.loc 1 82 0
  99 006a 0423     		movs	r3, #4
 100 006c 0293     		str	r3, [sp, #8]
  83:Src/main.c    ****   GPIO_InitStruct.Mode = GPIO_MODE_OUTPUT_PP;
 101              		.loc 1 83 0
 102 006e 0397     		str	r7, [sp, #12]
  84:Src/main.c    ****   GPIO_InitStruct.Pull = GPIO_NOPULL;
 103              		.loc 1 84 0
 104 0070 0494     		str	r4, [sp, #16]
  85:Src/main.c    ****   GPIO_InitStruct.Speed = GPIO_SPEED_FREQ_HIGH;
 105              		.loc 1 85 0
 106 0072 0596     		str	r6, [sp, #20]
  86:Src/main.c    ****   HAL_GPIO_Init(GPIOD, &GPIO_InitStruct);
 107              		.loc 1 86 0
 108 0074 02A9     		add	r1, sp, #8
 109 0076 2846     		mov	r0, r5
 110 0078 FFF7FEFF 		bl	HAL_GPIO_Init
 111              	.LVL3:
  87:Src/main.c    **** 
  88:Src/main.c    **** }
 112              		.loc 1 88 0
 113 007c 06B0     		add	sp, sp, #24
 114              	.LCFI2:
 115              		.cfi_def_cfa_offset 24
 116              		@ sp needed
 117 007e BDE8F081 		pop	{r4, r5, r6, r7, r8, pc}
 118              	.L4:
 119 0082 00BF     		.align	2
 120              	.L3:
 121 0084 00100240 		.word	1073876992
 122 0088 00140140 		.word	1073812480
 123 008c 00080140 		.word	1073809408
 124              		.cfi_endproc
 125              	.LFE68:
 127              		.section	.text.SystemClock_Config,"ax",%progbits
 128              		.align	1
 129              		.global	SystemClock_Config
 130              		.syntax unified
 131              		.thumb
 132              		.thumb_func
 133              		.fpu softvfp
 135              	SystemClock_Config:
 136              	.LFB67:
  30:Src/main.c    ****   RCC_OscInitTypeDef RCC_OscInitStruct = {0};
 137              		.loc 1 30 0
 138              		.cfi_startproc
 139              		@ args = 0, pretend = 0, frame = 64
 140              		@ frame_needed = 0, uses_anonymous_args = 0
 141 0000 10B5     		push	{r4, lr}
 142              	.LCFI3:
ARM GAS  C:\msys64\tmp\cczog0Wu.s 			page 5


 143              		.cfi_def_cfa_offset 8
 144              		.cfi_offset 4, -8
 145              		.cfi_offset 14, -4
 146 0002 90B0     		sub	sp, sp, #64
 147              	.LCFI4:
 148              		.cfi_def_cfa_offset 72
  31:Src/main.c    ****   RCC_ClkInitTypeDef RCC_ClkInitStruct = {0};
 149              		.loc 1 31 0
 150 0004 2422     		movs	r2, #36
 151 0006 0021     		movs	r1, #0
 152 0008 07A8     		add	r0, sp, #28
 153 000a FFF7FEFF 		bl	memset
 154              	.LVL4:
  32:Src/main.c    **** 
 155              		.loc 1 32 0
 156 000e 0024     		movs	r4, #0
 157 0010 0194     		str	r4, [sp, #4]
 158 0012 0294     		str	r4, [sp, #8]
 159 0014 0394     		str	r4, [sp, #12]
 160 0016 0494     		str	r4, [sp, #16]
 161 0018 0594     		str	r4, [sp, #20]
  36:Src/main.c    ****   RCC_OscInitStruct.HSIState = RCC_HSI_ON;
 162              		.loc 1 36 0
 163 001a 0223     		movs	r3, #2
 164 001c 0693     		str	r3, [sp, #24]
  37:Src/main.c    ****   RCC_OscInitStruct.HSICalibrationValue = RCC_HSICALIBRATION_DEFAULT;
 165              		.loc 1 37 0
 166 001e 0123     		movs	r3, #1
 167 0020 0A93     		str	r3, [sp, #40]
  38:Src/main.c    ****   RCC_OscInitStruct.PLL.PLLState = RCC_PLL_NONE;
 168              		.loc 1 38 0
 169 0022 1023     		movs	r3, #16
 170 0024 0B93     		str	r3, [sp, #44]
  40:Src/main.c    ****   {
 171              		.loc 1 40 0
 172 0026 06A8     		add	r0, sp, #24
 173 0028 FFF7FEFF 		bl	HAL_RCC_OscConfig
 174              	.LVL5:
  46:Src/main.c    ****                               |RCC_CLOCKTYPE_PCLK1|RCC_CLOCKTYPE_PCLK2;
 175              		.loc 1 46 0
 176 002c 0F23     		movs	r3, #15
 177 002e 0193     		str	r3, [sp, #4]
  48:Src/main.c    ****   RCC_ClkInitStruct.AHBCLKDivider = RCC_SYSCLK_DIV1;
 178              		.loc 1 48 0
 179 0030 0294     		str	r4, [sp, #8]
  49:Src/main.c    ****   RCC_ClkInitStruct.APB1CLKDivider = RCC_HCLK_DIV1;
 180              		.loc 1 49 0
 181 0032 0394     		str	r4, [sp, #12]
  50:Src/main.c    ****   RCC_ClkInitStruct.APB2CLKDivider = RCC_HCLK_DIV1;
 182              		.loc 1 50 0
 183 0034 0494     		str	r4, [sp, #16]
  51:Src/main.c    **** 
 184              		.loc 1 51 0
 185 0036 0594     		str	r4, [sp, #20]
  53:Src/main.c    ****   {
 186              		.loc 1 53 0
 187 0038 2146     		mov	r1, r4
ARM GAS  C:\msys64\tmp\cczog0Wu.s 			page 6


 188 003a 01A8     		add	r0, sp, #4
 189 003c FFF7FEFF 		bl	HAL_RCC_ClockConfig
 190              	.LVL6:
  57:Src/main.c    **** 
 191              		.loc 1 57 0
 192 0040 10B0     		add	sp, sp, #64
 193              	.LCFI5:
 194              		.cfi_def_cfa_offset 8
 195              		@ sp needed
 196 0042 10BD     		pop	{r4, pc}
 197              		.cfi_endproc
 198              	.LFE67:
 200              		.section	.text.main,"ax",%progbits
 201              		.align	1
 202              		.global	main
 203              		.syntax unified
 204              		.thumb
 205              		.thumb_func
 206              		.fpu softvfp
 208              	main:
 209              	.LFB66:
   8:Src/main.c    **** 
 210              		.loc 1 8 0
 211              		.cfi_startproc
 212              		@ Volatile: function does not return.
 213              		@ args = 0, pretend = 0, frame = 0
 214              		@ frame_needed = 0, uses_anonymous_args = 0
 215 0000 08B5     		push	{r3, lr}
 216              	.LCFI6:
 217              		.cfi_def_cfa_offset 8
 218              		.cfi_offset 3, -8
 219              		.cfi_offset 14, -4
  10:Src/main.c    **** 
 220              		.loc 1 10 0
 221 0002 FFF7FEFF 		bl	HAL_Init
 222              	.LVL7:
  13:Src/main.c    **** 
 223              		.loc 1 13 0
 224 0006 FFF7FEFF 		bl	SystemClock_Config
 225              	.LVL8:
  16:Src/main.c    **** 
 226              		.loc 1 16 0
 227 000a FFF7FEFF 		bl	MX_GPIO_Init
 228              	.LVL9:
 229              	.L8:
  21:Src/main.c    ****     HAL_Delay(200);
 230              		.loc 1 21 0 discriminator 1
 231 000e 4FF48071 		mov	r1, #256
 232 0012 0348     		ldr	r0, .L10
 233 0014 FFF7FEFF 		bl	HAL_GPIO_TogglePin
 234              	.LVL10:
  22:Src/main.c    ****     /* USER CODE BEGIN 3 */
 235              		.loc 1 22 0 discriminator 1
 236 0018 C820     		movs	r0, #200
 237 001a FFF7FEFF 		bl	HAL_Delay
 238              	.LVL11:
 239 001e F6E7     		b	.L8
ARM GAS  C:\msys64\tmp\cczog0Wu.s 			page 7


 240              	.L11:
 241              		.align	2
 242              	.L10:
 243 0020 00080140 		.word	1073809408
 244              		.cfi_endproc
 245              	.LFE66:
 247              		.section	.text.Error_Handler,"ax",%progbits
 248              		.align	1
 249              		.global	Error_Handler
 250              		.syntax unified
 251              		.thumb
 252              		.thumb_func
 253              		.fpu softvfp
 255              	Error_Handler:
 256              	.LFB69:
  89:Src/main.c    **** 
  90:Src/main.c    **** 
  91:Src/main.c    **** void Error_Handler(void)
  92:Src/main.c    **** {
 257              		.loc 1 92 0
 258              		.cfi_startproc
 259              		@ args = 0, pretend = 0, frame = 0
 260              		@ frame_needed = 0, uses_anonymous_args = 0
 261              		@ link register save eliminated.
  93:Src/main.c    ****   /* USER CODE BEGIN Error_Handler_Debug */
  94:Src/main.c    ****   /* User can add his own implementation to report the HAL error return state */
  95:Src/main.c    **** 
  96:Src/main.c    ****   /* USER CODE END Error_Handler_Debug */
  97:Src/main.c    **** }
 262              		.loc 1 97 0
 263 0000 7047     		bx	lr
 264              		.cfi_endproc
 265              	.LFE69:
 267              		.text
 268              	.Letext0:
 269              		.file 2 "c:\\tool\\gcc_7_2017-q4-major\\arm-none-eabi\\include\\machine\\_default_types.h"
 270              		.file 3 "c:\\tool\\gcc_7_2017-q4-major\\arm-none-eabi\\include\\sys\\_stdint.h"
 271              		.file 4 "Drivers/CMSIS/Include/core_cm3.h"
 272              		.file 5 "Drivers/CMSIS/Device/ST/STM32F1xx/Include/system_stm32f1xx.h"
 273              		.file 6 "Drivers/CMSIS/Device/ST/STM32F1xx/Include/stm32f103xe.h"
 274              		.file 7 "c:\\tool\\gcc_7_2017-q4-major\\arm-none-eabi\\include\\sys\\lock.h"
 275              		.file 8 "c:\\tool\\gcc_7_2017-q4-major\\arm-none-eabi\\include\\sys\\_types.h"
 276              		.file 9 "c:\\tool\\gcc_7_2017-q4-major\\lib\\gcc\\arm-none-eabi\\7.2.1\\include\\stddef.h"
 277              		.file 10 "c:\\tool\\gcc_7_2017-q4-major\\arm-none-eabi\\include\\sys\\reent.h"
 278              		.file 11 "Drivers/STM32F1xx_HAL_Driver/Inc/stm32f1xx_hal_rcc.h"
 279              		.file 12 "Drivers/STM32F1xx_HAL_Driver/Inc/stm32f1xx_hal_rcc_ex.h"
 280              		.file 13 "Drivers/STM32F1xx_HAL_Driver/Inc/stm32f1xx_hal_gpio.h"
 281              		.file 14 "Drivers/STM32F1xx_HAL_Driver/Inc/stm32f1xx_hal_def.h"
 282              		.file 15 "Drivers/STM32F1xx_HAL_Driver/Inc/stm32f1xx_hal.h"
 283              		.file 16 "<built-in>"
ARM GAS  C:\msys64\tmp\cczog0Wu.s 			page 8


DEFINED SYMBOLS
                            *ABS*:00000000 main.c
C:\msys64\tmp\cczog0Wu.s:16     .text.MX_GPIO_Init:00000000 $t
C:\msys64\tmp\cczog0Wu.s:22     .text.MX_GPIO_Init:00000000 MX_GPIO_Init
C:\msys64\tmp\cczog0Wu.s:121    .text.MX_GPIO_Init:00000084 $d
C:\msys64\tmp\cczog0Wu.s:128    .text.SystemClock_Config:00000000 $t
C:\msys64\tmp\cczog0Wu.s:135    .text.SystemClock_Config:00000000 SystemClock_Config
C:\msys64\tmp\cczog0Wu.s:201    .text.main:00000000 $t
C:\msys64\tmp\cczog0Wu.s:208    .text.main:00000000 main
C:\msys64\tmp\cczog0Wu.s:243    .text.main:00000020 $d
C:\msys64\tmp\cczog0Wu.s:248    .text.Error_Handler:00000000 $t
C:\msys64\tmp\cczog0Wu.s:255    .text.Error_Handler:00000000 Error_Handler

UNDEFINED SYMBOLS
HAL_GPIO_WritePin
HAL_GPIO_Init
memset
HAL_RCC_OscConfig
HAL_RCC_ClockConfig
HAL_Init
HAL_GPIO_TogglePin
HAL_Delay
